生成启动时间为 2015/8/1 4:16:50。
     1>项目“E:\JmingProjects\VS\LALR(1) AutoConstructAnalyzeTable\LALR(1) AutoConstructAnalyzeTable\LALR(1) AutoConstructAnalyzeTable.vcxproj”在节点 2 上(Build 个目标)。
     1>ClCompile:
         C:\Program Files (x86)\Microsoft Visual Studio 12.0\VC\bin\CL.exe /c /ZI /nologo /W3 /WX- /sdl /Od /Oy- /D WIN32 /D _WINDOWS /D _DEBUG /D _MBCS /D _AFXDLL /Gm /EHsc /RTC1 /MDd /GS /fp:precise /Zc:wchar_t /Zc:forScope /Yu"stdafx.h" /Fp"Debug\LALR(1) AutoConstructAnalyzeTable.pch" /Fo"Debug\\" /Fd"Debug\vc120.pdb" /Gd /TP /analyze- /errorReport:prompt AutoConstruct.cpp "LALR(1) AutoConstructAnalyzeTable.cpp" "LALR(1) AutoConstructAnalyzeTableDlg.cpp"
         AutoConstruct.cpp
     1>e:\jmingprojects\vs\lalr(1) autoconstructanalyzetable\lalr(1) autoconstructanalyzetable\autoconstruct.cpp(49): warning C4018: “<”: 有符号/无符号不匹配
     1>e:\jmingprojects\vs\lalr(1) autoconstructanalyzetable\lalr(1) autoconstructanalyzetable\autoconstruct.cpp(59): warning C4018: “<”: 有符号/无符号不匹配
     1>e:\jmingprojects\vs\lalr(1) autoconstructanalyzetable\lalr(1) autoconstructanalyzetable\autoconstruct.cpp(61): warning C4018: “<”: 有符号/无符号不匹配
     1>e:\jmingprojects\vs\lalr(1) autoconstructanalyzetable\lalr(1) autoconstructanalyzetable\autoconstruct.cpp(79): warning C4018: “<”: 有符号/无符号不匹配
     1>e:\jmingprojects\vs\lalr(1) autoconstructanalyzetable\lalr(1) autoconstructanalyzetable\autoconstruct.cpp(143): warning C4018: “<”: 有符号/无符号不匹配
     1>e:\jmingprojects\vs\lalr(1) autoconstructanalyzetable\lalr(1) autoconstructanalyzetable\autoconstruct.cpp(150): warning C4018: “<”: 有符号/无符号不匹配
     1>e:\jmingprojects\vs\lalr(1) autoconstructanalyzetable\lalr(1) autoconstructanalyzetable\autoconstruct.cpp(156): warning C4018: “<”: 有符号/无符号不匹配
     1>e:\jmingprojects\vs\lalr(1) autoconstructanalyzetable\lalr(1) autoconstructanalyzetable\autoconstruct.cpp(158): warning C4018: “<”: 有符号/无符号不匹配
     1>e:\jmingprojects\vs\lalr(1) autoconstructanalyzetable\lalr(1) autoconstructanalyzetable\autoconstruct.cpp(222): warning C4018: “<”: 有符号/无符号不匹配
     1>e:\jmingprojects\vs\lalr(1) autoconstructanalyzetable\lalr(1) autoconstructanalyzetable\autoconstruct.cpp(244): warning C4018: “<”: 有符号/无符号不匹配
     1>e:\jmingprojects\vs\lalr(1) autoconstructanalyzetable\lalr(1) autoconstructanalyzetable\autoconstruct.cpp(249): warning C4018: “<”: 有符号/无符号不匹配
     1>e:\jmingprojects\vs\lalr(1) autoconstructanalyzetable\lalr(1) autoconstructanalyzetable\autoconstruct.cpp(280): warning C4018: “<”: 有符号/无符号不匹配
     1>e:\jmingprojects\vs\lalr(1) autoconstructanalyzetable\lalr(1) autoconstructanalyzetable\autoconstruct.cpp(282): warning C4018: “<”: 有符号/无符号不匹配
     1>e:\jmingprojects\vs\lalr(1) autoconstructanalyzetable\lalr(1) autoconstructanalyzetable\autoconstruct.cpp(301): warning C4018: “<”: 有符号/无符号不匹配
     1>e:\jmingprojects\vs\lalr(1) autoconstructanalyzetable\lalr(1) autoconstructanalyzetable\autoconstruct.cpp(304): warning C4018: “<”: 有符号/无符号不匹配
     1>e:\jmingprojects\vs\lalr(1) autoconstructanalyzetable\lalr(1) autoconstructanalyzetable\autoconstruct.cpp(323): warning C4018: “<”: 有符号/无符号不匹配
     1>e:\jmingprojects\vs\lalr(1) autoconstructanalyzetable\lalr(1) autoconstructanalyzetable\autoconstruct.cpp(324): warning C4018: “<”: 有符号/无符号不匹配
     1>e:\jmingprojects\vs\lalr(1) autoconstructanalyzetable\lalr(1) autoconstructanalyzetable\autoconstruct.cpp(356): warning C4018: “<”: 有符号/无符号不匹配
     1>e:\jmingprojects\vs\lalr(1) autoconstructanalyzetable\lalr(1) autoconstructanalyzetable\autoconstruct.cpp(399): warning C4018: “<”: 有符号/无符号不匹配
     1>e:\jmingprojects\vs\lalr(1) autoconstructanalyzetable\lalr(1) autoconstructanalyzetable\autoconstruct.cpp(424): warning C4018: “<”: 有符号/无符号不匹配
     1>e:\jmingprojects\vs\lalr(1) autoconstructanalyzetable\lalr(1) autoconstructanalyzetable\autoconstruct.cpp(450): warning C4018: “<”: 有符号/无符号不匹配
     1>e:\jmingprojects\vs\lalr(1) autoconstructanalyzetable\lalr(1) autoconstructanalyzetable\autoconstruct.cpp(464): warning C4018: “<”: 有符号/无符号不匹配
     1>e:\jmingprojects\vs\lalr(1) autoconstructanalyzetable\lalr(1) autoconstructanalyzetable\autoconstruct.cpp(529): warning C4018: “<”: 有符号/无符号不匹配
     1>e:\jmingprojects\vs\lalr(1) autoconstructanalyzetable\lalr(1) autoconstructanalyzetable\autoconstruct.cpp(551): warning C4018: “<”: 有符号/无符号不匹配
         正在生成代码...
         正在编译...
         LALR(1) AutoConstructAnalyzeTableDlg.cpp
     1>e:\jmingprojects\vs\lalr(1) autoconstructanalyzetable\lalr(1) autoconstructanalyzetable\lalr(1) autoconstructanalyzetabledlg.cpp(284): warning C4018: “<”: 有符号/无符号不匹配
     1>e:\jmingprojects\vs\lalr(1) autoconstructanalyzetable\lalr(1) autoconstructanalyzetable\lalr(1) autoconstructanalyzetabledlg.cpp(298): warning C4018: “<”: 有符号/无符号不匹配
         LALR(1) AutoConstructAnalyzeTable.cpp
         正在生成代码...
       Link:
         C:\Program Files (x86)\Microsoft Visual Studio 12.0\VC\bin\link.exe /ERRORREPORT:PROMPT /OUT:"E:\JmingProjects\VS\LALR(1) AutoConstructAnalyzeTable\Debug\LALR(1) AutoConstructAnalyzeTable.exe" /INCREMENTAL /NOLOGO /MANIFEST /MANIFESTUAC:"level='asInvoker' uiAccess='false'" /manifest:embed /manifestinput:"C:\Program Files (x86)\Microsoft Visual Studio 12.0\VC\Include\Manifest\dpiaware.manifest" /DEBUG /PDB:"E:\JmingProjects\VS\LALR(1) AutoConstructAnalyzeTable\Debug\LALR(1) AutoConstructAnalyzeTable.pdb" /SUBSYSTEM:WINDOWS /TLBID:1 /DYNAMICBASE /NXCOMPAT /IMPLIB:"E:\JmingProjects\VS\LALR(1) AutoConstructAnalyzeTable\Debug\LALR(1) AutoConstructAnalyzeTable.lib" /MACHINE:X86 "Debug\LALR(1) AutoConstructAnalyzeTable.res"
         Debug\AutoConstruct.obj
         "Debug\LALR(1) AutoConstructAnalyzeTable.obj"
         "Debug\LALR(1) AutoConstructAnalyzeTableDlg.obj"
         Debug\stdafx.obj
         LALR(1) AutoConstructAnalyzeTable.vcxproj -> E:\JmingProjects\VS\LALR(1) AutoConstructAnalyzeTable\Debug\LALR(1) AutoConstructAnalyzeTable.exe
     1>已完成生成项目“E:\JmingProjects\VS\LALR(1) AutoConstructAnalyzeTable\LALR(1) AutoConstructAnalyzeTable\LALR(1) AutoConstructAnalyzeTable.vcxproj”(Build 个目标)的操作。

生成成功。

已用时间 00:00:26.83
